<?xml version="1.0" encoding="UTF-8"?>
<!-- Generated by org.testng.reporters.JUnitXMLReporter -->
<testsuite ignored="0" hostname="DESKTOP-PEVDDP8" failures="0" tests="3" name="Default test" time="6.545" errors="0" timestamp="2024-02-11T16:41:14 IST">
  <testcase classname="RestAssured.Automation.APITest" name="create_Postrequest" time="2.847"/>
  <testcase classname="RestAssured.Automation.APITest" name="getRandomEmail_Users" time="2.123"/>
  <testcase classname="RestAssured.Automation.APITest" name="getUsers_PostID" time="0.451"/>
</testsuite> <!-- Default test -->
