<?xml version="1.0" encoding="UTF-8"?>
<testng-results ignored="0" total="3" passed="3" failed="0" skipped="0">
  <reporter-output>
  </reporter-output>
  <suite started-at="2024-02-11T16:41:07 IST" name="Default suite" finished-at="2024-02-11T16:41:14 IST" duration-ms="6545">
    <groups>
    </groups>
    <test started-at="2024-02-11T16:41:07 IST" name="Default test" finished-at="2024-02-11T16:41:14 IST" duration-ms="6545">
      <class name="RestAssured.Automation.APITest">
        <test-method is-config="true" signature="setBaseURI()[pri:0, instance:RestAssured.Automation.APITest@47d9a273]" started-at="2024-02-11T16:41:07 IST" name="setBaseURI" finished-at="2024-02-11T16:41:08 IST" duration-ms="1024" status="PASS">
          <reporter-output>
          </reporter-output>
        </test-method> <!-- setBaseURI -->
        <test-method signature="create_Postrequest()[pri:0, instance:RestAssured.Automation.APITest@47d9a273]" started-at="2024-02-11T16:41:08 IST" name="create_Postrequest" finished-at="2024-02-11T16:41:11 IST" duration-ms="2847" status="PASS">
          <reporter-output>
          </reporter-output>
        </test-method> <!-- create_Postrequest -->
        <test-method is-config="true" signature="setBaseURI()[pri:0, instance:RestAssured.Automation.APITest@47d9a273]" started-at="2024-02-11T16:41:11 IST" name="setBaseURI" finished-at="2024-02-11T16:41:11 IST" duration-ms="0" status="PASS">
          <reporter-output>
          </reporter-output>
        </test-method> <!-- setBaseURI -->
        <test-method signature="getRandomEmail_Users()[pri:0, instance:RestAssured.Automation.APITest@47d9a273]" started-at="2024-02-11T16:41:11 IST" name="getRandomEmail_Users" finished-at="2024-02-11T16:41:13 IST" duration-ms="2123" status="PASS">
          <reporter-output>
          </reporter-output>
        </test-method> <!-- getRandomEmail_Users -->
        <test-method is-config="true" signature="setBaseURI()[pri:0, instance:RestAssured.Automation.APITest@47d9a273]" started-at="2024-02-11T16:41:13 IST" name="setBaseURI" finished-at="2024-02-11T16:41:13 IST" duration-ms="3" status="PASS">
          <reporter-output>
          </reporter-output>
        </test-method> <!-- setBaseURI -->
        <test-method signature="getUsers_PostID()[pri:0, instance:RestAssured.Automation.APITest@47d9a273]" started-at="2024-02-11T16:41:13 IST" name="getUsers_PostID" finished-at="2024-02-11T16:41:14 IST" duration-ms="451" status="PASS">
          <reporter-output>
          </reporter-output>
        </test-method> <!-- getUsers_PostID -->
      </class> <!-- RestAssured.Automation.APITest -->
    </test> <!-- Default test -->
  </suite> <!-- Default suite -->
</testng-results>
